<html>
<head>
<title>TestNG:  Firefox Tests</title>
<link href="../testng.css" rel="stylesheet" type="text/css" />
<link href="../my-testng.css" rel="stylesheet" type="text/css" />

<style type="text/css">
.log { display: none;} 
.stack-trace { display: none;} 
</style>
<script type="text/javascript">
<!--
function flip(e) {
  current = e.style.display;
  if (current == 'block') {
    e.style.display = 'none';
    return 0;
  }
  else {
    e.style.display = 'block';
    return 1;
  }
}

function toggleBox(szDivId, elem, msg1, msg2)
{
  var res = -1;  if (document.getElementById) {
    res = flip(document.getElementById(szDivId));
  }
  else if (document.all) {
    // this is the way old msie versions work
    res = flip(document.all[szDivId]);
  }
  if(elem) {
    if(res == 0) elem.innerHTML = msg1; else elem.innerHTML = msg2;
  }

}

function toggleAllBoxes() {
  if (document.getElementsByTagName) {
    d = document.getElementsByTagName('div');
    for (i = 0; i < d.length; i++) {
      if (d[i].className == 'log') {
        flip(d[i]);
      }
    }
  }
}

// -->
</script>

</head>
<body>
<h2 align='center'>Firefox Tests</h2><table border='1' align="center">
<tr>
<td>Tests passed/Failed/Skipped:</td><td>2/1/0</td>
</tr><tr>
<td>Started on:</td><td>Tue Jan 05 12:59:21 PST 2021</td>
</tr>
<tr><td>Total time:</td><td>48 seconds (48631 ms)</td>
</tr><tr>
<td>Included groups:</td><td></td>
</tr><tr>
<td>Excluded groups:</td><td></td>
</tr>
</table><p/>
<small><i>(Hover the method name to see the test class name)</i></small><p/>
<table width='100%' border='1' class='invocation-failed'>
<tr><td colspan='4' align='center'><b>FAILED TESTS</b></td></tr>
<tr><td><b>Test method</b></td>
<td width="30%"><b>Exception</b></td>
<td width="10%"><b>Time (seconds)</b></td>
<td><b>Instance</b></td>
</tr>
<tr>
<td title='web.tests.loginTest.LoginTest.headerTextTestFail()'><b>headerTextTestFail</b><br>Test class: web.tests.loginTest.LoginTest</td>
<td><div><pre>java.lang.InterruptedException: Home Page Header Text NOT A Match
	at web.pages.VshredHomePage.verifyHomepageHeaderTextIsAMatchFail_aroundBody14(VshredHomePage.java:121)
	at web.pages.VshredHomePage$AjcClosure15.run(VshredHomePage.java:1)
	at io.qameta.allure.aspects.StepsAspects.step(StepsAspects.java:50)
	at web.pages.VshredHomePage.verifyHomepageHeaderTextIsAMatchFail(VshredHomePage.java:117)
	at web.tests.loginTest.LoginTest.headerTextTestFail(LoginTest.java:77)
	at java.base/java.util.concurrent.ThreadPoolExecutor.runWorker(ThreadPoolExecutor.java:1130)
	at java.base/java.util.concurrent.ThreadPoolExecutor$Worker.run(ThreadPoolExecutor.java:630)
	at java.base/java.lang.Thread.run(Thread.java:832)
... Removed 11 stack frames</pre></div><a href='#' onClick='toggleBox("stack-trace2015880312", this, "Click to show all stack frames", "Click to hide stack frames")'>Click to show all stack frames</a>
<div class='stack-trace' id='stack-trace2015880312'><pre>java.lang.InterruptedException: Home Page Header Text NOT A Match
	at web.pages.VshredHomePage.verifyHomepageHeaderTextIsAMatchFail_aroundBody14(VshredHomePage.java:121)
	at web.pages.VshredHomePage$AjcClosure15.run(VshredHomePage.java:1)
	at org.aspectj.runtime.reflect.JoinPointImpl.proceed(JoinPointImpl.java:149)
	at io.qameta.allure.aspects.StepsAspects.step(StepsAspects.java:50)
	at web.pages.VshredHomePage.verifyHomepageHeaderTextIsAMatchFail(VshredHomePage.java:117)
	at web.tests.loginTest.LoginTest.headerTextTestFail(LoginTest.java:77)
	at java.base/jdk.internal.reflect.NativeMethodAccessorImpl.invoke0(Native Method)
	at java.base/jdk.internal.reflect.NativeMethodAccessorImpl.invoke(NativeMethodAccessorImpl.java:64)
	at java.base/jdk.internal.reflect.DelegatingMethodAccessorImpl.invoke(DelegatingMethodAccessorImpl.java:43)
	at java.base/java.lang.reflect.Method.invoke(Method.java:564)
	at org.testng.internal.MethodInvocationHelper.invokeMethod(MethodInvocationHelper.java:124)
	at org.testng.internal.Invoker.invokeMethod(Invoker.java:583)
	at org.testng.internal.Invoker.invokeTestMethod(Invoker.java:719)
	at org.testng.internal.Invoker.invokeTestMethods(Invoker.java:989)
	at org.testng.internal.TestMethodWorker.invokeTestMethods(TestMethodWorker.java:125)
	at org.testng.internal.TestMethodWorker.run(TestMethodWorker.java:109)
	at java.base/java.util.concurrent.ThreadPoolExecutor.runWorker(ThreadPoolExecutor.java:1130)
	at java.base/java.util.concurrent.ThreadPoolExecutor$Worker.run(ThreadPoolExecutor.java:630)
	at java.base/java.lang.Thread.run(Thread.java:832)
</pre></div></td>
<td>3</td>
<td>web.tests.loginTest.LoginTest@5767b2af</td></tr>
</table><p>
<table width='100%' border='1' class='invocation-passed'>
<tr><td colspan='4' align='center'><b>PASSED TESTS</b></td></tr>
<tr><td><b>Test method</b></td>
<td width="30%"><b>Exception</b></td>
<td width="10%"><b>Time (seconds)</b></td>
<td><b>Instance</b></td>
</tr>
<tr>
<td title='web.tests.loginTest.LoginTest.clickDayTwoGymWorkCalendar()'><b>clickDayTwoGymWorkCalendar</b><br>Test class: web.tests.loginTest.LoginTest</td>
<td></td>
<td>14</td>
<td>web.tests.loginTest.LoginTest@5767b2af</td></tr>
<tr>
<td title='web.tests.loginTest.LoginTest.loginLogoutTest()'><b>loginLogoutTest</b><br>Test class: web.tests.loginTest.LoginTest</td>
<td></td>
<td>7</td>
<td>web.tests.loginTest.LoginTest@5767b2af</td></tr>
</table><p>
</body>
</html>