<?xml version="1.0" encoding="UTF-8"?>
<!-- Generated by org.testng.reporters.JUnitReportReporter -->
<testsuite hostname="Gentekss-MacBook-Pro.local" failures="0" tests="3" name="web.tests.loginTest.LoginTest" time="34.071" errors="1" timestamp="06 Jan 2021 00:46:08 GMT" skipped="0">
  <testcase classname="web.tests.loginTest.LoginTest" name="loginLogoutTest" time="9.993"/>
  <testcase classname="web.tests.loginTest.LoginTest" name="headerTextTestFail" time="4.987">
    <error message="Home Page Header Text NOT A Match" type="java.lang.InterruptedException">
      <![CDATA[java.lang.InterruptedException: Home Page Header Text NOT A Match
at web.pages.VshredHomePage.verifyHomepageHeaderTextIsAMatchFail_aroundBody14(VshredHomePage.java:125)
at web.pages.VshredHomePage$AjcClosure15.run(VshredHomePage.java:1)
at org.aspectj.runtime.reflect.JoinPointImpl.proceed(JoinPointImpl.java:149)
at io.qameta.allure.aspects.StepsAspects.step(StepsAspects.java:50)
at web.pages.VshredHomePage.verifyHomepageHeaderTextIsAMatchFail(VshredHomePage.java:121)
at web.tests.loginTest.LoginTest.headerTextTestFail(LoginTest.java:76)
at java.base/jdk.internal.reflect.NativeMethodAccessorImpl.invoke0(Native Method)
at java.base/jdk.internal.reflect.NativeMethodAccessorImpl.invoke(NativeMethodAccessorImpl.java:64)
at java.base/jdk.internal.reflect.DelegatingMethodAccessorImpl.invoke(DelegatingMethodAccessorImpl.java:43)
at java.base/java.lang.reflect.Method.invoke(Method.java:564)
at org.testng.internal.MethodInvocationHelper.invokeMethod(MethodInvocationHelper.java:124)
at org.testng.internal.Invoker.invokeMethod(Invoker.java:583)
at org.testng.internal.Invoker.invokeTestMethod(Invoker.java:719)
at org.testng.internal.Invoker.invokeTestMethods(Invoker.java:989)
at org.testng.internal.TestMethodWorker.invokeTestMethods(TestMethodWorker.java:125)
at org.testng.internal.TestMethodWorker.run(TestMethodWorker.java:109)
at java.base/java.util.concurrent.ThreadPoolExecutor.runWorker(ThreadPoolExecutor.java:1130)
at java.base/java.util.concurrent.ThreadPoolExecutor$Worker.run(ThreadPoolExecutor.java:630)
at java.base/java.lang.Thread.run(Thread.java:832)
]]>
    </error>
  </testcase> <!-- headerTextTestFail -->
  <testcase classname="web.tests.loginTest.LoginTest" name="clickDayTwoGymWorkCalendar" time="19.091"/>
</testsuite> <!-- web.tests.loginTest.LoginTest -->
